<?xml version="1.0" encoding="UTF-8"?>
<robot generator="Robot 6.1.1 (Python 3.12.0 on win32)" generated="20241001 23:09:14.090" rpa="false" schemaversion="4">
<suite id="s1" name="API" source="D:\Playwright_Python\Tests\API.robot">
<test id="s1-t1" name="Generate Data &amp; Register &amp; Login" line="6">
<kw name="Given registeration data is generated" library="API_Keywords">
<status status="PASS" starttime="20241001 23:09:14.173" endtime="20241001 23:09:14.173"/>
</kw>
<kw name="When User register by API" library="API_Keywords">
<msg timestamp="20241001 23:09:14.923" level="INFO">



&lt;!-- &lt;!DOCTYPE html PUBLIC "-//W3C//DTD XHTML 1.0 Transitional//EN" "http://www.w3.org/TR/xhtml1/DTD/xhtml1-transitional.dtd"&gt;
&lt;html xmlns="http://www.w3.org/1999/xhtml"&gt;
 --&gt;
&lt;!DOCTYPE html&gt;
&lt;html&gt;
	&lt;head&gt;
		&lt;meta charset="UTF-8"&gt;
		&lt;meta http-equiv="Content-Type" content="text/html; charset=UTF-8" /&gt;
		&lt;title&gt;ParaBank | Error&lt;/title&gt;
		&lt;link href="template.css" rel="stylesheet"
			type="text/css" /&gt;
		&lt;link href="style.css" rel="stylesheet"
			type="text/css" /&gt;
		&lt;script src="webjars/jquery/3.7.1/jquery.min.js"&gt;&lt;/script&gt;
	&lt;/head&gt;

	&lt;body
		&gt;
		&lt;div id="mainPanel"&gt;
			
				
				
					



&lt;div id="topPanel"&gt;
  &lt;a href="admin.htm"&gt;&lt;img src="images/clear.gif" width="56" height="42" border="0" class="admin"/&gt;&lt;/a&gt;
  &lt;a href="index.htm"&gt;&lt;img src="images/logo.gif" alt="ParaBank" width="136" height="31" border="0" class="logo" title="ParaBank"/&gt;&lt;/a&gt;
  &lt;p class="caption"&gt;Experience the difference&lt;/p&gt;
&lt;/div&gt;
&lt;div id="headerPanel" style="background: url(images/header-customer.jpg) 0 0 no-repeat;"&gt;
  


&lt;ul class="leftmenu"&gt;
  &lt;li class="Solutions"&gt;Solutions&lt;/li&gt;
  &lt;li&gt;&lt;a href="about.htm"&gt;About Us&lt;/a&gt;&lt;/li&gt;
  &lt;li&gt;&lt;a href="services.htm"&gt;Services&lt;/a&gt;&lt;/li&gt;
  &lt;li&gt;&lt;a href="http://www.parasoft.com/jsp/products.jsp"&gt;Products&lt;/a&gt;&lt;/li&gt;
  &lt;li&gt;&lt;a href="http://www.parasoft.com/jsp/pr/contacts.jsp"&gt;Locations&lt;/a&gt;&lt;/li&gt;
  &lt;li&gt;&lt;a href="admin.htm"&gt;Admin Page&lt;/a&gt;&lt;/li&gt;
  
&lt;/ul&gt;
  


&lt;ul class="button"&gt;
  &lt;li class="home"&gt;&lt;a href="index.htm"&gt;home&lt;/a&gt;&lt;/li&gt;
  &lt;li class="aboutus"&gt;&lt;a href="about.htm"&gt;about&lt;/a&gt;&lt;/li&gt;
  &lt;li class="contact"&gt;&lt;a href="contact.htm"&gt;contact&lt;/a&gt;&lt;/li&gt;
&lt;/ul&gt;
&lt;/div&gt;
				
			
			&lt;div id="bodyPanel"&gt;
				&lt;div id="leftPanel"&gt;
					
						
						
							


&lt;p class="smallText"&gt;&lt;b&gt;Welcome&lt;/b&gt; a a&lt;/p&gt;

&lt;h2&gt;Account Services&lt;/h2&gt;



&lt;ul&gt;
  &lt;li&gt;&lt;a href="openaccount.htm"&gt;Open New Account&lt;/a&gt;&lt;/li&gt;
  &lt;li&gt;&lt;a href="overview.htm"&gt;Accounts Overview&lt;/a&gt;&lt;/li&gt;
  &lt;li&gt;&lt;a href="transfer.htm"&gt;Transfer Funds&lt;/a&gt;&lt;/li&gt;
  &lt;li&gt;&lt;a href="billpay.htm"&gt;Bill Pay&lt;/a&gt;&lt;/li&gt;
  &lt;li&gt;&lt;a href="findtrans.htm"&gt;Find Transactions&lt;/a&gt;&lt;/li&gt;
  &lt;li&gt;&lt;a href="updateprofile.htm"&gt;Update Contact Info&lt;/a&gt;&lt;/li&gt;
  &lt;li&gt;&lt;a href="requestloan.htm"&gt;Request Loan&lt;/a&gt;&lt;/li&gt;
  &lt;li&gt;&lt;a href="logout.htm"&gt;Log Out&lt;/a&gt;&lt;/li&gt;
&lt;/ul&gt;
						
					
				&lt;/div&gt;
				&lt;div id="rightPanel"&gt;
					


&lt;h1 class="title"&gt;Error!&lt;/h1&gt;



&lt;p class="error"&gt;An internal error has occurred and has been logged.&lt;/p&gt;
				&lt;/div&gt;
			&lt;/div&gt;
		&lt;/div&gt;
		


&lt;div id="footermainPanel"&gt;
  &lt;div id="footerPanel"&gt;
    &lt;ul&gt;
      &lt;li&gt;&lt;a href="index.htm"&gt;Home&lt;/a&gt;| &lt;/li&gt;
      &lt;li&gt;&lt;a href="about.htm"&gt;About Us&lt;/a&gt;| &lt;/li&gt;
      &lt;li&gt;&lt;a href="services.htm"&gt;Services&lt;/a&gt;| &lt;/li&gt;
      &lt;li&gt;&lt;a href="http://www.parasoft.com/jsp/products.jsp"&gt;Products&lt;/a&gt;| &lt;/li&gt;
      &lt;li&gt;&lt;a href="http://www.parasoft.com/jsp/pr/contacts.jsp"&gt;Locations&lt;/a&gt;| &lt;/li&gt;
      &lt;li&gt;&lt;a href="http://forums.parasoft.com/"&gt;Forum&lt;/a&gt;| &lt;/li&gt;
      &lt;li&gt;&lt;a href="sitemap.htm"&gt;Site Map&lt;/a&gt;| &lt;/li&gt;
      &lt;li&gt;&lt;a href="contact.htm"&gt;Contact Us&lt;/a&gt;&lt;/li&gt;
    &lt;/ul&gt;
    &lt;p class="copyright"&gt;&amp;copy; Parasoft. All rights reserved.&lt;/p&gt;
    &lt;ul class="visit"&gt;
      &lt;li&gt;Visit us at:&lt;/li&gt;
      &lt;li&gt;&lt;a href="http://www.parasoft.com/" target="_blank"&gt;www.parasoft.com&lt;/a&gt;&lt;/li&gt;
    &lt;/ul&gt;
  &lt;/div&gt;
&lt;/div&gt;
	&lt;/body&gt;
&lt;/html&gt;
</msg>
<msg timestamp="20241001 23:09:14.925" level="INFO">{'customer.firstName': 'rrawpelt', 'customer.lastName': 'rrawpelt', 'customer.address.street': 'rrawpelt', 'customer.address.city': 'rrawpelt', 'customer.address.state': 'rrawpelt', 'customer.address.zipCode': '1231231', 'customer.phoneNumber': '', 'customer.ssn': '12312', 'customer.username': 'rrawpelt', 'customer.password': 'SuQ4IanL4b', 'repeatedPassword': 'SuQ4IanL4b'}</msg>
<status status="PASS" starttime="20241001 23:09:14.173" endtime="20241001 23:09:14.925"/>
</kw>
<kw name="Then User login by API" library="API_Keywords">
<msg timestamp="20241001 23:09:15.985" level="INFO">



&lt;!-- &lt;!DOCTYPE html PUBLIC "-//W3C//DTD XHTML 1.0 Transitional//EN" "http://www.w3.org/TR/xhtml1/DTD/xhtml1-transitional.dtd"&gt;
&lt;html xmlns="http://www.w3.org/1999/xhtml"&gt;
 --&gt;
&lt;!DOCTYPE html&gt;
&lt;html&gt;
	&lt;head&gt;
		&lt;meta charset="UTF-8"&gt;
		&lt;meta http-equiv="Content-Type" content="text/html; charset=UTF-8" /&gt;
		&lt;title&gt;ParaBank | Error&lt;/title&gt;
		&lt;link href="template.css" rel="stylesheet"
			type="text/css" /&gt;
		&lt;link href="style.css" rel="stylesheet"
			type="text/css" /&gt;
		&lt;script src="webjars/jquery/3.7.1/jquery.min.js"&gt;&lt;/script&gt;
	&lt;/head&gt;

	&lt;body
		&gt;
		&lt;div id="mainPanel"&gt;
			
				
				
					



&lt;div id="topPanel"&gt;
  &lt;a href="admin.htm"&gt;&lt;img src="images/clear.gif" width="56" height="42" border="0" class="admin"/&gt;&lt;/a&gt;
  &lt;a href="index.htm"&gt;&lt;img src="images/logo.gif" alt="ParaBank" width="136" height="31" border="0" class="logo" title="ParaBank"/&gt;&lt;/a&gt;
  &lt;p class="caption"&gt;Experience the difference&lt;/p&gt;
&lt;/div&gt;
&lt;div id="headerPanel" style="background: url(images/header-customer.jpg) 0 0 no-repeat;"&gt;
  


&lt;ul class="leftmenu"&gt;
  &lt;li class="Solutions"&gt;Solutions&lt;/li&gt;
  &lt;li&gt;&lt;a href="about.htm"&gt;About Us&lt;/a&gt;&lt;/li&gt;
  &lt;li&gt;&lt;a href="services.htm"&gt;Services&lt;/a&gt;&lt;/li&gt;
  &lt;li&gt;&lt;a href="http://www.parasoft.com/jsp/products.jsp"&gt;Products&lt;/a&gt;&lt;/li&gt;
  &lt;li&gt;&lt;a href="http://www.parasoft.com/jsp/pr/contacts.jsp"&gt;Locations&lt;/a&gt;&lt;/li&gt;
  &lt;li&gt;&lt;a href="admin.htm"&gt;Admin Page&lt;/a&gt;&lt;/li&gt;
  
&lt;/ul&gt;
  


&lt;ul class="button"&gt;
  &lt;li class="home"&gt;&lt;a href="index.htm"&gt;home&lt;/a&gt;&lt;/li&gt;
  &lt;li class="aboutus"&gt;&lt;a href="about.htm"&gt;about&lt;/a&gt;&lt;/li&gt;
  &lt;li class="contact"&gt;&lt;a href="contact.htm"&gt;contact&lt;/a&gt;&lt;/li&gt;
&lt;/ul&gt;
&lt;/div&gt;
				
			
			&lt;div id="bodyPanel"&gt;
				&lt;div id="leftPanel"&gt;
					
						
						
							


&lt;p class="smallText"&gt;&lt;b&gt;Welcome&lt;/b&gt; a a&lt;/p&gt;

&lt;h2&gt;Account Services&lt;/h2&gt;



&lt;ul&gt;
  &lt;li&gt;&lt;a href="openaccount.htm"&gt;Open New Account&lt;/a&gt;&lt;/li&gt;
  &lt;li&gt;&lt;a href="overview.htm"&gt;Accounts Overview&lt;/a&gt;&lt;/li&gt;
  &lt;li&gt;&lt;a href="transfer.htm"&gt;Transfer Funds&lt;/a&gt;&lt;/li&gt;
  &lt;li&gt;&lt;a href="billpay.htm"&gt;Bill Pay&lt;/a&gt;&lt;/li&gt;
  &lt;li&gt;&lt;a href="findtrans.htm"&gt;Find Transactions&lt;/a&gt;&lt;/li&gt;
  &lt;li&gt;&lt;a href="updateprofile.htm"&gt;Update Contact Info&lt;/a&gt;&lt;/li&gt;
  &lt;li&gt;&lt;a href="requestloan.htm"&gt;Request Loan&lt;/a&gt;&lt;/li&gt;
  &lt;li&gt;&lt;a href="logout.htm"&gt;Log Out&lt;/a&gt;&lt;/li&gt;
&lt;/ul&gt;
						
					
				&lt;/div&gt;
				&lt;div id="rightPanel"&gt;
					


&lt;h1 class="title"&gt;Error!&lt;/h1&gt;



&lt;p class="error"&gt;An internal error has occurred and has been logged.&lt;/p&gt;
				&lt;/div&gt;
			&lt;/div&gt;
		&lt;/div&gt;
		


&lt;div id="footermainPanel"&gt;
  &lt;div id="footerPanel"&gt;
    &lt;ul&gt;
      &lt;li&gt;&lt;a href="index.htm"&gt;Home&lt;/a&gt;| &lt;/li&gt;
      &lt;li&gt;&lt;a href="about.htm"&gt;About Us&lt;/a&gt;| &lt;/li&gt;
      &lt;li&gt;&lt;a href="services.htm"&gt;Services&lt;/a&gt;| &lt;/li&gt;
      &lt;li&gt;&lt;a href="http://www.parasoft.com/jsp/products.jsp"&gt;Products&lt;/a&gt;| &lt;/li&gt;
      &lt;li&gt;&lt;a href="http://www.parasoft.com/jsp/pr/contacts.jsp"&gt;Locations&lt;/a&gt;| &lt;/li&gt;
      &lt;li&gt;&lt;a href="http://forums.parasoft.com/"&gt;Forum&lt;/a&gt;| &lt;/li&gt;
      &lt;li&gt;&lt;a href="sitemap.htm"&gt;Site Map&lt;/a&gt;| &lt;/li&gt;
      &lt;li&gt;&lt;a href="contact.htm"&gt;Contact Us&lt;/a&gt;&lt;/li&gt;
    &lt;/ul&gt;
    &lt;p class="copyright"&gt;&amp;copy; Parasoft. All rights reserved.&lt;/p&gt;
    &lt;ul class="visit"&gt;
      &lt;li&gt;Visit us at:&lt;/li&gt;
      &lt;li&gt;&lt;a href="http://www.parasoft.com/" target="_blank"&gt;www.parasoft.com&lt;/a&gt;&lt;/li&gt;
    &lt;/ul&gt;
  &lt;/div&gt;
&lt;/div&gt;
	&lt;/body&gt;
&lt;/html&gt;
</msg>
<msg timestamp="20241001 23:09:15.986" level="INFO">username=rrawpelt&amp;password=SuQ4IanL4b</msg>
<status status="PASS" starttime="20241001 23:09:14.926" endtime="20241001 23:09:15.986"/>
</kw>
<status status="PASS" starttime="20241001 23:09:14.172" endtime="20241001 23:09:15.987"/>
</test>
<test id="s1-t2" name="Simple Request &amp; Verify Status Code" line="11">
<kw name="Add User And Verify Status Code" library="API_Keywords">
<arg>John</arg>
<arg>Software Engineer</arg>
<msg timestamp="20241001 23:09:16.548" level="INFO">{'name': 'John', 'job': 'Software Engineer', 'id': '517', 'createdAt': '2024-10-01T20:09:18.203Z'}</msg>
<msg timestamp="20241001 23:09:16.549" level="INFO">John</msg>
<msg timestamp="20241001 23:09:16.549" level="INFO">Software Engineer</msg>
<msg timestamp="20241001 23:09:16.549" level="INFO">517</msg>
<msg timestamp="20241001 23:09:16.549" level="INFO">2024-10-01T20:09:18.203Z</msg>
<status status="PASS" starttime="20241001 23:09:15.988" endtime="20241001 23:09:16.552"/>
</kw>
<status status="PASS" starttime="20241001 23:09:15.988" endtime="20241001 23:09:16.552"/>
</test>
<status status="PASS" starttime="20241001 23:09:14.091" endtime="20241001 23:09:16.554"/>
</suite>
<statistics>
<total>
<stat pass="2" fail="0" skip="0">All Tests</stat>
</total>
<tag>
</tag>
<suite>
<stat pass="2" fail="0" skip="0" id="s1" name="API">API</stat>
</suite>
</statistics>
<errors>
</errors>
</robot>
